e:\c++_code\20171101_airlinesegment\20171101_airlinesegment\x64\release\vc120.pdb
e:\c++_code\20171101_airlinesegment\20171101_airlinesegment\x64\release\qrc_myclass.obj
e:\c++_code\20171101_airlinesegment\20171101_airlinesegment\x64\release\sairlinesegment.obj
e:\c++_code\20171101_airlinesegment\20171101_airlinesegment\x64\release\myclass.obj
e:\c++_code\20171101_airlinesegment\20171101_airlinesegment\x64\release\main.obj
e:\c++_code\20171101_airlinesegment\20171101_airlinesegment\x64\release\moc_myclass.obj
e:\c++_code\20171101_airlinesegment\20171101_airlinesegment\generatedfiles\release\moc_myclass.cpp
e:\c++_code\20171101_airlinesegment\20171101_airlinesegment\generatedfiles\ui_myclass.h
e:\c++_code\20171101_airlinesegment\20171101_airlinesegment\generatedfiles\qrc_myclass.cpp
e:\c++_code\20171101_airlinesegment\x64\release\20171101_airlinesegment.ilk
e:\c++_code\20171101_airlinesegment\x64\release\20171101_airlinesegment.exe
e:\c++_code\20171101_airlinesegment\x64\release\20171101_airlinesegment.pdb
e:\c++_code\20171101_airlinesegment\20171101_airlinesegment\x64\release\20171101.b12702ad.tlog\cl.command.1.tlog
e:\c++_code\20171101_airlinesegment\20171101_airlinesegment\x64\release\20171101.b12702ad.tlog\cl.read.1.tlog
e:\c++_code\20171101_airlinesegment\20171101_airlinesegment\x64\release\20171101.b12702ad.tlog\cl.write.1.tlog
e:\c++_code\20171101_airlinesegment\20171101_airlinesegment\x64\release\20171101.b12702ad.tlog\custombuild.command.1.tlog
e:\c++_code\20171101_airlinesegment\20171101_airlinesegment\x64\release\20171101.b12702ad.tlog\custombuild.read.1.tlog
e:\c++_code\20171101_airlinesegment\20171101_airlinesegment\x64\release\20171101.b12702ad.tlog\custombuild.write.1.tlog
e:\c++_code\20171101_airlinesegment\20171101_airlinesegment\x64\release\20171101.b12702ad.tlog\link.command.1.tlog
e:\c++_code\20171101_airlinesegment\20171101_airlinesegment\x64\release\20171101.b12702ad.tlog\link.read.1.tlog
e:\c++_code\20171101_airlinesegment\20171101_airlinesegment\x64\release\20171101.b12702ad.tlog\link.write.1.tlog
