生成启动时间为 2017/11/1 13:40:19。
     1>项目“E:\C++_Code\20171101_AirLineSegment\20171101_AirLineSegment\20171101_AirLineSegment.vcxproj”在节点 2 上(Build 个目标)。
     1>CustomBuild:
         Moc'ing myclass.h...
         Uic'ing myclass.ui...
         Rcc'ing myclass.qrc...
     1>RCC : warning : No resources in 'E:\C++_Code\20171101_AirLineSegment\20171101_AirLineSegment\myclass.qrc'.
         
     1>C:\Program Files (x86)\MSBuild\Microsoft.Cpp\v4.0\V120\Microsoft.CppBuild.targets(935,5): warning MSB8027: Two or more files with the name of moc_myclass.cpp will produce outputs to the same location. This can lead to an incorrect build result.  The files involved are GeneratedFiles\Debug\moc_myclass.cpp, GeneratedFiles\Release\moc_myclass.cpp.
       ClCompile:
         C:\Program Files (x86)\Microsoft Visual Studio 12.0\VC\bin\x86_amd64\CL.exe /c /I.\GeneratedFiles /I. /IC:\Qt\Qt5.6.2\5.6\msvc2013_64\include /I.\GeneratedFiles\Debug /IC:\Qt\Qt5.6.2\5.6\msvc2013_64\include\QtCore /IC:\Qt\Qt5.6.2\5.6\msvc2013_64\include\QtGui /IC:\Qt\Qt5.6.2\5.6\msvc2013_64\include\QtWidgets /Zi /nologo /W1 /WX- /Od /D UNICODE /D WIN32 /D WIN64 /D QT_DLL /D QT_CORE_LIB /D QT_GUI_LIB /D QT_WIDGETS_LIB /Gm- /EHsc /MDd /GS /fp:precise /Zc:wchar_t /Zc:forScope /Fo"x64\Debug\\" /Fd"x64\Debug\vc120.pdb" /Gd /TP /errorReport:prompt GeneratedFiles\Debug\moc_myclass.cpp main.cpp myclass.cpp SAirLineSegment.cpp
         moc_myclass.cpp
         main.cpp
         myclass.cpp
         SAirLineSegment.cpp
         正在生成代码...
         C:\Program Files (x86)\Microsoft Visual Studio 12.0\VC\bin\x86_amd64\CL.exe /c /I.\GeneratedFiles /I. /IC:\Qt\Qt5.6.2\5.6\msvc2013_64\include /I.\GeneratedFiles\Debug /IC:\Qt\Qt5.6.2\5.6\msvc2013_64\include\QtCore /IC:\Qt\Qt5.6.2\5.6\msvc2013_64\include\QtGui /IC:\Qt\Qt5.6.2\5.6\msvc2013_64\include\QtWidgets /Zi /nologo /W1 /WX- /Od /D UNICODE /D WIN32 /D WIN64 /D QT_DLL /D QT_CORE_LIB /D QT_GUI_LIB /D QT_WIDGETS_LIB /Gm- /EHsc /MDd /GS /fp:precise /Zc:wchar_t /Zc:forScope /Fo"x64\Debug\\" /Fd"x64\Debug\vc120.pdb" /Gd /TP /errorReport:prompt GeneratedFiles\qrc_myclass.cpp
         qrc_myclass.cpp
       Link:
         C:\Program Files (x86)\Microsoft Visual Studio 12.0\VC\bin\x86_amd64\link.exe /ERRORREPORT:PROMPT /OUT:"E:\C++_Code\20171101_AirLineSegment\x64\Debug\\20171101_AirLineSegment.exe" /NOLOGO /LIBPATH:C:\Qt\Qt5.6.2\5.6\msvc2013_64\lib qtmaind.lib Qt5Cored.lib Qt5Guid.lib Qt5Widgetsd.lib kernel32.lib user32.lib gdi32.lib winspool.lib comdlg32.lib advapi32.lib shell32.lib ole32.lib oleaut32.lib uuid.lib odbc32.lib odbccp32.lib /MANIFEST /MANIFESTUAC:"level='asInvoker' uiAccess='false'" /manifest:embed /DEBUG /PDB:"E:\C++_Code\20171101_AirLineSegment\x64\Debug\20171101_AirLineSegment.pdb" /SUBSYSTEM:WINDOWS /TLBID:1 /DYNAMICBASE /NXCOMPAT /IMPLIB:"E:\C++_Code\20171101_AirLineSegment\x64\Debug\20171101_AirLineSegment.lib" /MACHINE:X64 x64\Debug\moc_myclass.obj
         x64\Debug\qrc_myclass.obj
         x64\Debug\main.obj
         x64\Debug\myclass.obj
         x64\Debug\SAirLineSegment.obj
         20171101_AirLineSegment.vcxproj -> E:\C++_Code\20171101_AirLineSegment\x64\Debug\20171101_AirLineSegment.exe
     1>已完成生成项目“E:\C++_Code\20171101_AirLineSegment\20171101_AirLineSegment\20171101_AirLineSegment.vcxproj”(Build 个目标)的操作。

生成成功。

已用时间 00:00:06.96
